<?xml version="1.0" encoding="UTF-8"?>
<testsuite name="LevelGeneratorTests" tests="9" skipped="0" failures="1" errors="0" timestamp="2017-09-25T21:56:57" hostname="Krishnas-MacBook-Pro.local" time="0.642">
  <properties/>
  <testcase name="validDoorCheck_1" classname="LevelGeneratorTests" time="0.416"/>
  <testcase name="validDoorCheck_2" classname="LevelGeneratorTests" time="0.001"/>
  <testcase name="validDoorCheck_3" classname="LevelGeneratorTests" time="0.065"/>
  <testcase name="validNumOfRoomsGenerated_1" classname="LevelGeneratorTests" time="0.054">
    <failure message="java.lang.AssertionError: Incorrect number of rooms. Actual: 4" type="java.lang.AssertionError">java.lang.AssertionError: Incorrect number of rooms. Actual: 4
	at org.junit.Assert.fail(Assert.java:88)
	at org.junit.Assert.failEquals(Assert.java:185)
	at org.junit.Assert.assertNotEquals(Assert.java:161)
	at org.junit.Assert.assertNotEquals(Assert.java:198)
	at LevelGeneratorTests.validNumOfRoomsGenerated_1(LevelGeneratorTests.java:47)
	at sun.reflect.NativeMethodAccessorImpl.invoke0(Native Method)
	at sun.reflect.NativeMethodAccessorImpl.invoke(NativeMethodAccessorImpl.java:62)
	at sun.reflect.DelegatingMethodAccessorImpl.invoke(DelegatingMethodAccessorImpl.java:43)
	at java.lang.reflect.Method.invoke(Method.java:497)
	at org.junit.runners.model.FrameworkMethod$1.runReflectiveCall(FrameworkMethod.java:47)
	at org.junit.internal.runners.model.ReflectiveCallable.run(ReflectiveCallable.java:12)
	at org.junit.runners.model.FrameworkMethod.invokeExplosively(FrameworkMethod.java:44)
	at org.junit.internal.runners.statements.InvokeMethod.evaluate(InvokeMethod.java:17)
	at org.junit.runners.ParentRunner.runLeaf(ParentRunner.java:271)
	at org.junit.runners.BlockJUnit4ClassRunner.runChild(BlockJUnit4ClassRunner.java:70)
	at org.junit.runners.BlockJUnit4ClassRunner.runChild(BlockJUnit4ClassRunner.java:50)
	at org.junit.runners.ParentRunner$3.run(ParentRunner.java:238)
	at org.junit.runners.ParentRunner$1.schedule(ParentRunner.java:63)
	at org.junit.runners.ParentRunner.runChildren(ParentRunner.java:236)
	at org.junit.runners.ParentRunner.access$000(ParentRunner.java:53)
	at org.junit.runners.ParentRunner$2.evaluate(ParentRunner.java:229)
	at org.junit.runners.ParentRunner.run(ParentRunner.java:309)
	at org.gradle.api.internal.tasks.testing.junit.JUnitTestClassExecuter.runTestClass(JUnitTestClassExecuter.java:86)
	at org.gradle.api.internal.tasks.testing.junit.JUnitTestClassExecuter.execute(JUnitTestClassExecuter.java:49)
	at org.gradle.api.internal.tasks.testing.junit.JUnitTestClassProcessor.processTestClass(JUnitTestClassProcessor.java:64)
	at org.gradle.api.internal.tasks.testing.SuiteTestClassProcessor.processTestClass(SuiteTestClassProcessor.java:50)
	at sun.reflect.NativeMethodAccessorImpl.invoke0(Native Method)
	at sun.reflect.NativeMethodAccessorImpl.invoke(NativeMethodAccessorImpl.java:62)
	at sun.reflect.DelegatingMethodAccessorImpl.invoke(DelegatingMethodAccessorImpl.java:43)
	at java.lang.reflect.Method.invoke(Method.java:497)
	at org.gradle.messaging.dispatch.ReflectionDispatch.dispatch(ReflectionDispatch.java:35)
	at org.gradle.messaging.dispatch.ReflectionDispatch.dispatch(ReflectionDispatch.java:24)
	at org.gradle.messaging.dispatch.ContextClassLoaderDispatch.dispatch(ContextClassLoaderDispatch.java:32)
	at org.gradle.messaging.dispatch.ProxyDispatchAdapter$DispatchingInvocationHandler.invoke(ProxyDispatchAdapter.java:93)
	at com.sun.proxy.$Proxy2.processTestClass(Unknown Source)
	at org.gradle.api.internal.tasks.testing.worker.TestWorker.processTestClass(TestWorker.java:106)
	at sun.reflect.NativeMethodAccessorImpl.invoke0(Native Method)
	at sun.reflect.NativeMethodAccessorImpl.invoke(NativeMethodAccessorImpl.java:62)
	at sun.reflect.DelegatingMethodAccessorImpl.invoke(DelegatingMethodAccessorImpl.java:43)
	at java.lang.reflect.Method.invoke(Method.java:497)
	at org.gradle.messaging.dispatch.ReflectionDispatch.dispatch(ReflectionDispatch.java:35)
	at org.gradle.messaging.dispatch.ReflectionDispatch.dispatch(ReflectionDispatch.java:24)
	at org.gradle.messaging.remote.internal.hub.MessageHub$Handler.run(MessageHub.java:360)
	at org.gradle.internal.concurrent.ExecutorPolicy$CatchAndRecordFailures.onExecute(ExecutorPolicy.java:54)
	at org.gradle.internal.concurrent.StoppableExecutorImpl$1.run(StoppableExecutorImpl.java:40)
	at java.util.concurrent.ThreadPoolExecutor.runWorker(ThreadPoolExecutor.java:1142)
	at java.util.concurrent.ThreadPoolExecutor$Worker.run(ThreadPoolExecutor.java:617)
	at java.lang.Thread.run(Thread.java:745)
</failure>
  </testcase>
  <testcase name="validCurrentRoom_1" classname="LevelGeneratorTests" time="0.047"/>
  <testcase name="validCurrentRoom_2" classname="LevelGeneratorTests" time="0.051"/>
  <testcase name="validRoomRemove_1" classname="LevelGeneratorTests" time="0.0"/>
  <testcase name="validRoomAdd_1" classname="LevelGeneratorTests" time="0.001"/>
  <testcase name="invalidNumOfRoomsGenerated_1" classname="LevelGeneratorTests" time="0.0"/>
  <system-out><![CDATA[MAX: 8
2
1
3
1
2
3
4
1
3
1
REPLACING ROOM
| | | | | | | | |
| | | | | | | | |
| |X|B| | | | | |
| |X|X| | | | | |
| |X|X| | | | | |
| |X| | | | | | |
| |S| | | | | | |
| | | | | | | | |
MAX: 8
3
2
3
2
4
4
4
1
REPLACING ROOM
| | | | | | | | |
| | | | | | | | |
| | | | | | | | |
| | | | | | | | |
| | | | | | | | |
| |X|S| |X|B| | |
| |X|X|X|X| | | |
| | | | | | | | |
MAX: 4
2
4
REPLACING ROOM
| | | | |
| |S|B| |
| |X|X| |
| | | | |
MAX: 8
4
1
1
1
1
3
4
2
REPLACING ROOM
| | | | | | | | |
| | |X|X| | | | |
| |B|X|X| | | | |
| | | |X| | | | |
| | |S|X| | | | |
| | | | | | | | |
| | | | | | | | |
| | | | | | | | |
MAX: 8
3
3
1
3
2
2
REPLACING ROOM
| | | | | | | | |
| | | | | | | | |
| | | | | | | | |
| | | | | | | | |
| | |X|X| | | | |
| | |X|X|X|S| | |
| | |X|B| | | | |
| | | | | | | | |
]]></system-out>
  <system-err><![CDATA[]]></system-err>
</testsuite>
